d:\code\rt-vcp\x64\release\vc141.pdb
d:\code\rt-vcp\x64\release\winmain.obj
d:\code\rt-vcp\x64\release\process.obj
d:\code\rt-vcp\x64\release\preview.obj
d:\code\rt-vcp\x64\release\device.obj
d:\code\rt-vcp\x64\release\mfcaptured3d.exe
d:\code\rt-vcp\x64\release\mfcaptured3d.pdb
d:\code\rt-vcp\x64\release\mfcaptured3d.ipdb
d:\code\rt-vcp\x64\release\mfcaptured3d.iobj
d:\code\rt-vcp\x64\release\mfcaptured3d.res
d:\code\rt-vcp\x64\release\mfcaptured3d.tlog\cl.command.1.tlog
d:\code\rt-vcp\x64\release\mfcaptured3d.tlog\cl.read.1.tlog
d:\code\rt-vcp\x64\release\mfcaptured3d.tlog\cl.write.1.tlog
d:\code\rt-vcp\x64\release\mfcaptured3d.tlog\link.command.1.tlog
d:\code\rt-vcp\x64\release\mfcaptured3d.tlog\link.read.1.tlog
d:\code\rt-vcp\x64\release\mfcaptured3d.tlog\link.write.1.tlog
d:\code\rt-vcp\x64\release\mfcaptured3d.tlog\mfcaptured3d.write.1u.tlog
d:\code\rt-vcp\x64\release\mfcaptured3d.tlog\rc.command.1.tlog
d:\code\rt-vcp\x64\release\mfcaptured3d.tlog\rc.read.1.tlog
d:\code\rt-vcp\x64\release\mfcaptured3d.tlog\rc.write.1.tlog
