  device.cpp
d:\code\rt-vcp\device.h(82): warning C4458: “filename”的声明隐藏了类成员
  d:\code\rt-vcp\device.h(57): note: 参见“DrawDevice::filename”的声明
d:\code\rt-vcp\device.cpp(353): warning C4838: 从“UINT”转换到“LONG”需要收缩转换
d:\code\rt-vcp\device.cpp(554): warning C4533: “goto pro”跳过了“done”的初始化操作
  d:\code\rt-vcp\device.cpp(459): note: 参见“pro”的声明
  d:\code\rt-vcp\device.cpp(554): note: 参见“done”的声明
  preview.cpp
d:\code\rt-vcp\device.h(82): warning C4458: “filename”的声明隐藏了类成员
  d:\code\rt-vcp\device.h(57): note: 参见“DrawDevice::filename”的声明
  Process.cpp
d:\code\rt-vcp\process.cpp(16): warning C4018: “<”: 有符号/无符号不匹配
d:\code\rt-vcp\process.cpp(18): warning C4244: “=”: 从“double”转换到“BYTE”，可能丢失数据
d:\code\rt-vcp\process.cpp(22): warning C4018: “<”: 有符号/无符号不匹配
d:\code\rt-vcp\process.cpp(32): warning C4018: “<”: 有符号/无符号不匹配
d:\code\rt-vcp\process.cpp(34): warning C4018: “<”: 有符号/无符号不匹配
d:\code\rt-vcp\process.cpp(42): warning C4244: “=”: 从“int”转换到“BYTE”，可能丢失数据
d:\code\rt-vcp\process.cpp(43): warning C4244: “=”: 从“int”转换到“BYTE”，可能丢失数据
d:\code\rt-vcp\process.cpp(44): warning C4244: “=”: 从“int”转换到“BYTE”，可能丢失数据
d:\code\rt-vcp\process.cpp(50): warning C4018: “<”: 有符号/无符号不匹配
d:\code\rt-vcp\process.cpp(59): warning C4018: “<”: 有符号/无符号不匹配
d:\code\rt-vcp\process.cpp(62): warning C4018: “<=”: 有符号/无符号不匹配
d:\code\rt-vcp\process.cpp(74): warning C4018: “<”: 有符号/无符号不匹配
d:\code\rt-vcp\process.cpp(76): warning C4018: “<”: 有符号/无符号不匹配
d:\code\rt-vcp\process.cpp(87): warning C4244: “=”: 从“int”转换到“BYTE”，可能丢失数据
d:\code\rt-vcp\process.cpp(88): warning C4244: “=”: 从“int”转换到“BYTE”，可能丢失数据
d:\code\rt-vcp\process.cpp(89): warning C4244: “=”: 从“int”转换到“BYTE”，可能丢失数据
d:\code\rt-vcp\process.cpp(90): warning C4018: “<”: 有符号/无符号不匹配
d:\code\rt-vcp\process.cpp(101): warning C4018: “<”: 有符号/无符号不匹配
d:\code\rt-vcp\process.cpp(118): warning C4018: “<”: 有符号/无符号不匹配
d:\code\rt-vcp\process.cpp(120): warning C4018: “<”: 有符号/无符号不匹配
d:\code\rt-vcp\process.cpp(122): warning C4018: “<”: 有符号/无符号不匹配
d:\code\rt-vcp\process.cpp(140): warning C4018: “<”: 有符号/无符号不匹配
d:\code\rt-vcp\process.cpp(142): warning C4244: “=”: 从“double”转换到“int”，可能丢失数据
d:\code\rt-vcp\process.cpp(145): warning C4244: “=”: 从“int”转换到“BYTE”，可能丢失数据
d:\code\rt-vcp\process.cpp(158): warning C4018: “<”: 有符号/无符号不匹配
d:\code\rt-vcp\process.cpp(163): warning C4018: “<”: 有符号/无符号不匹配
d:\code\rt-vcp\process.cpp(164): warning C4018: “<”: 有符号/无符号不匹配
d:\code\rt-vcp\process.cpp(170): warning C4244: “=”: 从“int”转换到“BYTE”，可能丢失数据
d:\code\rt-vcp\process.cpp(172): warning C4018: “<”: 有符号/无符号不匹配
d:\code\rt-vcp\process.cpp(177): warning C4244: “=”: 从“double”转换到“float”，可能丢失数据
d:\code\rt-vcp\process.cpp(178): warning C4244: “=”: 从“float”转换到“int”，可能丢失数据
d:\code\rt-vcp\process.cpp(180): warning C4244: “=”: 从“int”转换到“BYTE”，可能丢失数据
d:\code\rt-vcp\process.cpp(188): warning C4018: “<”: 有符号/无符号不匹配
d:\code\rt-vcp\process.cpp(190): warning C4244: “=”: 从“int”转换到“BYTE”，可能丢失数据
d:\code\rt-vcp\process.cpp(191): warning C4244: “=”: 从“int”转换到“BYTE”，可能丢失数据
d:\code\rt-vcp\process.cpp(192): warning C4244: “=”: 从“int”转换到“BYTE”，可能丢失数据
d:\code\rt-vcp\process.cpp(260): warning C4189: “j”: 局部变量已初始化但不引用
  winmain.cpp
d:\code\rt-vcp\device.h(82): warning C4458: “filename”的声明隐藏了类成员
  d:\code\rt-vcp\device.h(57): note: 参见“DrawDevice::filename”的声明
  正在生成代码
  All 449 functions were compiled because no usable IPDB/IOBJ from previous compilation was found.
  已完成代码的生成
  MFCaptureD3D.vcxproj -> D:\Code\RT-VCP\x64\Release\MFCaptureD3D.exe
